2015-09-02 17:22:49 [scrapy] INFO: Scrapy 1.0.3 started (bot: spider)
2015-09-02 17:22:49 [scrapy] INFO: Optional features available: ssl, http11
2015-09-02 17:22:49 [scrapy] INFO: Overridden settings: {'NEWSPIDER_MODULE': 'spider.spiders', 'SPIDER_MODULES': ['spider.spiders'], 'LOG_FILE': 'scrapy.log', 'BOT_NAME': 'spider'}
2015-09-02 17:22:49 [scrapy] INFO: Enabled extensions: CloseSpider, TelnetConsole, LogStats, CoreStats, SpiderState
2015-09-02 17:22:49 [scrapy] INFO: Enabled downloader middlewares: HttpAuthMiddleware, DownloadTimeoutMiddleware, UserAgentMiddleware, RetryMiddleware, DefaultHeadersMiddleware, MetaRefreshMiddleware, HttpCompressionMiddleware, RedirectMiddleware, CookiesMiddleware, ChunkedTransferMiddleware, DownloaderStats
2015-09-02 17:22:49 [scrapy] INFO: Enabled spider middlewares: HttpErrorMiddleware, OffsiteMiddleware, RefererMiddleware, UrlLengthMiddleware, DepthMiddleware
2015-09-02 17:22:49 [scrapy] INFO: Enabled item pipelines: 
2015-09-02 17:22:49 [scrapy] INFO: Spider opened
2015-09-02 17:22:49 [scrapy] INFO: Crawled 0 pages (at 0 pages/min), scraped 0 items (at 0 items/min)
2015-09-02 17:22:49 [scrapy] DEBUG: Telnet console listening on 127.0.0.1:6023
2015-09-02 17:22:50 [scrapy] DEBUG: Crawled (403) <GET http://xueqiu.com/8143619147> (referer: None)
2015-09-02 17:22:50 [scrapy] DEBUG: Crawled (403) <GET http://xueqiu.com/7626392721> (referer: None)
2015-09-02 17:22:50 [scrapy] DEBUG: Ignoring response <403 http://xueqiu.com/8143619147>: HTTP status code is not handled or not allowed
2015-09-02 17:22:50 [scrapy] DEBUG: Ignoring response <403 http://xueqiu.com/7626392721>: HTTP status code is not handled or not allowed
2015-09-02 17:22:50 [scrapy] INFO: Closing spider (finished)
2015-09-02 17:22:50 [scrapy] INFO: Dumping Scrapy stats:
{'downloader/request_bytes': 436,
 'downloader/request_count': 2,
 'downloader/request_method_count/GET': 2,
 'downloader/response_bytes': 300,
 'downloader/response_count': 2,
 'downloader/response_status_count/403': 2,
 'finish_reason': 'finished',
 'finish_time': datetime.datetime(2015, 9, 2, 9, 22, 50, 130879),
 'log_count/DEBUG': 5,
 'log_count/INFO': 7,
 'response_received_count': 2,
 'scheduler/dequeued': 2,
 'scheduler/dequeued/memory': 2,
 'scheduler/enqueued': 2,
 'scheduler/enqueued/memory': 2,
 'start_time': datetime.datetime(2015, 9, 2, 9, 22, 49, 696403)}
2015-09-02 17:22:50 [scrapy] INFO: Spider closed (finished)
